<?xml version="1.0" encoding="UTF-8"?>
<testng-results skipped="0" failed="0" ignored="0" total="1" passed="1">
  <reporter-output>
  </reporter-output>
  <suite name="Suite" duration-ms="61327" started-at="2018-07-03T09:32:38Z" finished-at="2018-07-03T09:33:40Z">
    <groups>
    </groups>
    <test name="Test" duration-ms="61327" started-at="2018-07-03T09:32:38Z" finished-at="2018-07-03T09:33:40Z">
      <class name="com.roi.selenium.Demo1">
        <test-method status="PASS" signature="Initialise()[pri:0, instance:com.roi.selenium.Demo1@ae45eb6]" name="Initialise" is-config="true" duration-ms="16404" started-at="2018-07-03T09:32:38Z" finished-at="2018-07-03T09:32:55Z">
          <reporter-output>
          </reporter-output>
        </test-method> <!-- Initialise -->
        <test-method status="PASS" signature="test()[pri:0, instance:com.roi.selenium.Demo1@ae45eb6]" name="test" duration-ms="44758" started-at="2018-07-03T09:32:55Z" finished-at="2018-07-03T09:33:40Z">
          <reporter-output>
          </reporter-output>
        </test-method> <!-- test -->
        <test-method status="PASS" signature="close()[pri:0, instance:com.roi.selenium.Demo1@ae45eb6]" name="close" is-config="true" duration-ms="85" started-at="2018-07-03T09:33:40Z" finished-at="2018-07-03T09:33:40Z">
          <reporter-output>
          </reporter-output>
        </test-method> <!-- close -->
      </class> <!-- com.roi.selenium.Demo1 -->
    </test> <!-- Test -->
  </suite> <!-- Suite -->
</testng-results>
